2026-03-30 11:37:29.760 | INFO     | signal_scanner.main:main:171 - ============================================================
2026-03-30 11:37:29.761 | INFO     | signal_scanner.main:main:172 - Signal Command Center starting (IBKR-only mode)
2026-03-30 11:37:29.761 | INFO     | signal_scanner.main:main:173 - ============================================================
2026-03-30 11:37:30.055 | INFO     | signal_scanner.database.db_manager:init_db:77 - Database initialized at E:\Quant-Bridge\signal_scanner\data\signals.db
2026-03-30 11:37:30.057 | INFO     | signal_scanner.institutional_intel.intelligence.regime_hmm:load:398 - HMM model loaded from data\warehouse\models\regime_hmm_daily.pkl (fitted 2026-03-30 on SPY)
2026-03-30 11:37:30.058 | INFO     | signal_scanner.paper.idea_bridge:_load_hmm:72 - IdeaBridge: HMM regime model loaded (fitted 2026-03-30)
2026-03-30 11:37:30.085 | DEBUG    | signal_scanner.scanner.multi_symbol_scanner:_load_cached_results:230 - Scan cache stale (590.3h) — ignoring
2026-03-30 11:37:30.201 | INFO     | signal_scanner.scanner.multi_symbol_scanner:_load_intelligence_snapshot:330 - Intelligence snapshot loaded: 3112 tickers from 2025-Q4
2026-03-30 11:37:30.223 | INFO     | signal_scanner.main:main:289 - PREFLIGHT: Connecting to IBKR...
2026-03-30 11:37:32.442 | WARNING  | signal_scanner.core.ibkr_connector:connect_ibkr:126 - IBKR connection failed on port 7497 (clientId=20): ConnectionRefusedError(22, 'The remote computer refused the network connection', None, 1225, None)
2026-03-30 11:37:34.500 | WARNING  | signal_scanner.core.ibkr_connector:connect_ibkr:126 - IBKR connection failed on port 7496 (clientId=20): ConnectionRefusedError(22, 'The remote computer refused the network connection', None, 1225, None)
2026-03-30 11:37:36.540 | WARNING  | signal_scanner.core.ibkr_connector:connect_ibkr:126 - IBKR connection failed on port 4002 (clientId=20): ConnectionRefusedError(22, 'The remote computer refused the network connection', None, 1225, None)
2026-03-30 11:37:38.579 | WARNING  | signal_scanner.core.ibkr_connector:connect_ibkr:126 - IBKR connection failed on port 4001 (clientId=20): ConnectionRefusedError(22, 'The remote computer refused the network connection', None, 1225, None)
2026-03-30 11:37:38.580 | ERROR    | signal_scanner.core.ibkr_connector:connect_ibkr:140 - All IBKR connection attempts failed. Verify TWS/Gateway is running, API is enabled, and socket port is one of 7497/7496/4002/4001. Scanner cannot operate without IBKR.
2026-03-30 11:37:38.580 | ERROR    | signal_scanner.main:main:297 - ============================================================
2026-03-30 11:37:38.580 | ERROR    | signal_scanner.main:main:298 - PREFLIGHT FAILED: Cannot connect to IBKR!
2026-03-30 11:37:38.581 | ERROR    | signal_scanner.main:main:299 - Intraday ML (VWAP_MR/FPB/ORB_V2) WILL NOT WORK without IBKR.
2026-03-30 11:37:38.581 | ERROR    | signal_scanner.main:main:302 - Check: TWS/Gateway running? API enabled? Port 7497? Last error: port 4001, clientId 20: ConnectionRefusedError(22, 'The remote computer refused the network connection', None, 1225, None)
2026-03-30 11:37:38.582 | ERROR    | signal_scanner.main:main:307 - ============================================================
2026-03-30 11:37:41.834 | INFO     | signal_scanner.paper.vwap_mr_live:_load_daily_context:480 - VWAP_MR: loaded daily context for 10057 tickers (as of 2026-03-30)
2026-03-30 11:37:42.020 | INFO     | signal_scanner.main:main:1012 - VWAP_MR registered (%d daily context)
2026-03-30 11:37:45.243 | INFO     | signal_scanner.paper.fpb_live:_load_daily_context:456 - FPB: loaded daily context for 10057 tickers (as of 2026-03-30)
2026-03-30 11:37:45.460 | INFO     | signal_scanner.main:main:1022 - FPB registered (%d daily context)
2026-03-30 11:37:48.985 | INFO     | signal_scanner.paper.orb_v2_live:_load_daily_context:466 - ORB_V2: loaded daily context for 10057 tickers (as of 2026-03-30)
2026-03-30 11:37:49.226 | INFO     | signal_scanner.main:main:1032 - ORB_V2 registered (%d daily context)
2026-03-30 11:37:49.353 | INFO     | signal_scanner.core.live_bar_store:clear_session:453 - LiveBarStore: session cleared
2026-03-30 11:37:49.358 | INFO     | signal_scanner.core.universe_builder:build_session_universe:127 - Universe built: 243 symbols (T1=79, T2=164, open_pos=5) for 2026-03-30
2026-03-30 11:37:49.358 | INFO     | signal_scanner.main:main:1042 - Session universe: %d symbols
2026-03-30 11:37:49.362 | INFO     | signal_scanner.core.bar_printer:start:60 - BarPrinter: started on dedicated thread (243 symbols)
2026-03-30 11:37:49.395 | INFO     | signal_scanner.main:main:1058 - Context Momentum scanner registered
2026-03-30 11:37:49.403 | INFO     | signal_scanner.main:main:1169 - Data plane active: bar_printer (own thread/IBKR) → strategy_engine (scheduler, SQLite only)
2026-03-30 11:37:49.403 | INFO     | signal_scanner.main:main:1186 - Paper port 7497 detected — auto-enabling IBKR execution for: FPB, IDEA_BRIDGE, ORB_V2, SCANNER_MTF, VWAP_MR
2026-03-30 11:37:49.413 | INFO     | signal_scanner.main:main:1248 - IBKR live execution enabled for: FPB, IDEA_BRIDGE, ORB_V2, SCANNER_MTF, VWAP_MR
2026-03-30 11:37:49.417 | INFO     | signal_scanner.main:main:1257 - Scheduler started: scanning every 900s
2026-03-30 11:37:49.417 | INFO     | signal_scanner.main:main:1258 - IBKR reconnect heartbeat every 30s
2026-03-30 11:37:49.418 | INFO     | signal_scanner.main:main:1259 - Initial scan running in background...
2026-03-30 11:37:49.418 | INFO     | signal_scanner.main:run_ibkr_reconciliation:1210 - IBKR not connected yet — skipping reconciliation
2026-03-30 11:37:51.404 | WARNING  | signal_scanner.core.ibkr_connector:connect_ibkr:126 - IBKR connection failed on port 7497 (clientId=25): ConnectionRefusedError(22, 'The remote computer refused the network connection', None, 1225, None)
2026-03-30 11:37:53.465 | WARNING  | signal_scanner.core.ibkr_connector:connect_ibkr:126 - IBKR connection failed on port 7496 (clientId=25): ConnectionRefusedError(22, 'The remote computer refused the network connection', None, 1225, None)
2026-03-30 11:37:55.518 | WARNING  | signal_scanner.core.ibkr_connector:connect_ibkr:126 - IBKR connection failed on port 4002 (clientId=25): ConnectionRefusedError(22, 'The remote computer refused the network connection', None, 1225, None)
2026-03-30 11:37:55.608 | INFO     | signal_scanner.main:main:1308 - Dashboard available at http://127.0.0.1:8050
2026-03-30 11:37:57.557 | WARNING  | signal_scanner.core.ibkr_connector:connect_ibkr:126 - IBKR connection failed on port 4001 (clientId=25): ConnectionRefusedError(22, 'The remote computer refused the network connection', None, 1225, None)
2026-03-30 11:37:57.557 | ERROR    | signal_scanner.core.ibkr_connector:connect_ibkr:140 - All IBKR connection attempts failed. Verify TWS/Gateway is running, API is enabled, and socket port is one of 7497/7496/4002/4001. Scanner cannot operate without IBKR.
2026-03-30 11:37:57.557 | ERROR    | signal_scanner.core.bar_printer:_run_loop:90 - BarPrinter: IBKR connection failed — thread exiting
2026-03-30 11:38:08.964 | INFO     | signal_scanner.core.ibkr_connector:connect_ibkr:79 - Skipping IBKR reconnect attempt for 269s (backoff active)
2026-03-30 11:38:08.964 | WARNING  | signal_scanner.main:run_ibkr_heartbeat:459 - IBKR heartbeat reconnect failed; will retry
2026-03-30 11:38:38.957 | INFO     | signal_scanner.core.ibkr_connector:connect_ibkr:79 - Skipping IBKR reconnect attempt for 239s (backoff active)
2026-03-30 11:38:38.958 | WARNING  | signal_scanner.main:run_ibkr_heartbeat:459 - IBKR heartbeat reconnect failed; will retry
2026-03-30 11:38:49.413 | DEBUG    | signal_scanner.paper.vwap_mr_live:_get_qualifying_tickers:515 - VWAP_MR: 65 qualifying tickers (from 3112 in snapshot)
2026-03-30 11:38:49.659 | DEBUG    | signal_scanner.paper.fpb_live:_get_qualifying_tickers:491 - FPB: 219 qualifying tickers (from 3112 in snapshot)
2026-03-30 11:38:50.494 | DEBUG    | signal_scanner.paper.orb_v2_live:_get_qualifying_tickers:500 - ORB_V2: 219 qualifying tickers (from 3112 in snapshot)
2026-03-30 11:38:52.393 | INFO     | signal_scanner.core.strategy_engine:evaluate_all:236 - StrategyEngine cycle 1: 3.0s | VWAP_MR=0e/0eval/0.2s | FPB=0e/0eval/0.8s | ORB_V2=0e/0eval/1.9s
2026-03-30 11:39:08.962 | INFO     | signal_scanner.core.ibkr_connector:connect_ibkr:79 - Skipping IBKR reconnect attempt for 209s (backoff active)
2026-03-30 11:39:08.963 | WARNING  | signal_scanner.main:run_ibkr_heartbeat:459 - IBKR heartbeat reconnect failed; will retry
