Loading v2 features...
  1,737,655 rows, 2,938 tickers, 2019-06-13 -> 2026-02-06

Computing label_hit_1R_10d from DuckDB...
  unique (ticker, trade_date) keys to label: 1,726,594
  Label rows: 1,726,594
  Non-null labels: 1,697,245
  Overall hit rate: 34.4%
  After merge + dropna: 1,708,125 rows

Engineering features (same as v3)...
  1,705,526 rows after feature dropna; 59 features

============================================================
NAIVE TEMPORAL: train<=2023 / val=2024 / test=2025+
============================================================
  train=1,042,543  val=473,804  test=189,179
  hit rate: train=34.7%  val=35.6%  test=30.1%
  naive val AUC  = 0.5330
  naive test AUC = 0.5154

============================================================
PURGED 5-FOLD CV (horizon=10d, embargo=10d)
============================================================
  fold 1: train=1,360,928  test=341,106  AUC=0.5072
  fold 2: train=1,347,729  test=341,105  AUC=0.5097
  fold 3: train=1,343,053  test=341,105  AUC=0.5134
  fold 4: train=1,349,595  test=341,105  AUC=0.5241
  fold 5: train=1,347,636  test=341,105  AUC=0.5101

  mean AUC = 0.5129  +/-0.0059  (N-weighted = 0.5129)

Saving naive-trained model + meta...
  saved: data/models/flow_predictor_v3_1R_10d.pkl

============================================================
HONESTY DELTA (label_hit_1R_10d)
============================================================
  Naive val AUC      : 0.5330
  Naive test AUC     : 0.5154
  Purged mean AUC    : 0.5129  (delta vs naive val: -0.0201)

Done in 1730.2s
