Loading v2 features...
  1,737,655 rows, 2,938 tickers, 2019-06-13 -> 2026-02-06

Computing label_hit_1R_5d from DuckDB...
  unique (ticker, trade_date) keys to label: 1,726,594
  Label rows: 1,726,594
  Overall hit rate: 21.2%
  After merge + dropna: 1,722,846 rows

Engineering features (same as v3)...
  1,720,138 rows after feature dropna; 59 features

============================================================
NAIVE TEMPORAL: train<=2023 / val=2024 / test>=2025
============================================================
  train=1,044,057  val=476,353  test=199,728
  hit rate: train=21.3%  val=22.4%  test=17.7%
  naive val AUC  = 0.5634
  naive test AUC = 0.5782

============================================================
PURGED 5-FOLD CV (horizon=5d, embargo=5d)
============================================================
  fold 1: train=1,374,337  test=344,028  AUC=0.5463
  fold 2: train=1,368,184  test=344,028  AUC=0.5455
  fold 3: train=1,365,996  test=344,028  AUC=0.5537
  fold 4: train=1,363,241  test=344,027  AUC=0.5567
  fold 5: train=1,369,767  test=344,027  AUC=0.5529

  mean AUC = 0.5510  +/-0.0044  (N-weighted = 0.5510)

Saving naive-trained model + meta...
  saved: data/models/flow_predictor_v3_1R_5d.pkl

============================================================
HONESTY DELTA (label_hit_1R_5d)
============================================================
  Naive val AUC    : 0.5634
  Naive test AUC   : 0.5782
  Purged mean AUC  : 0.5510  (delta vs naive val: -0.0124)

Done in 3146.5s
