[32m2026-03-03 15:00:53.193[0m | [1mINFO    [0m | [36msignal_scanner.institutional_intel.warehouse.db[0m:[36minit_warehouse[0m:[36m82[0m - [1mInstitutional warehouse initialized at E:\Quant-Bridge\data\warehouse\sec_intel.duckdb[0m
[SHORT INTEREST] Loading from 2026-02-26 to 2026-03-03
  Fetched 0 short interest records

[COMPLETE] Stats: {'short_interest': {'total_rows': 0}}

======================================================================
SHORT DATA WAREHOUSE SUMMARY
======================================================================

fact_short_interest:
  Rows: 1,007,667 | Tickers: 29,394
  Date range: 2024-01-12 to 2026-02-13

fact_short_volume:
  Rows: 514,787 | Tickers: 20,617
  Date range: 2026-01-02 to 2026-02-27

fact_dark_pool_daily:
  Rows: 103,273 | Tickers: 2,696
  Date range: 2026-01-02 to 2026-02-27

fact_cost_to_borrow:
  Rows: 0 | Tickers: 0
  Date range: None to None

Top 10 by Days-to-Cover (latest settlement):
    YAYO  SI:       15,610  DTC: 1000.0
    BYNO  SI:        8,957  DTC: 895.7
    CNGL  SI:          327  DTC: 163.5
    BYSI  SI:    2,235,033  DTC: 80.6
    INTE  SI:          498  DTC: 62.2
    NKGN  SI:      742,024  DTC: 59.5
    CALA  SI:        6,773  DTC: 39.6
    XELA  SI:       46,655  DTC: 38.1
    CNDA  SI:          213  DTC: 35.5
    HRTX  SI:   35,362,532  DTC: 34.3

Top 10 Short Volume Ratio (latest date, vol>100K):
    OCFC  2026-02-27  ratio: 90.3%
    TRMK  2026-02-27  ratio: 90.1%
    ZLAB  2026-02-27  ratio: 88.7%
    BOKF  2026-02-27  ratio: 88.1%
    WAFD  2026-02-27  ratio: 88.0%
    AMWD  2026-02-27  ratio: 87.7%
    POST  2026-02-27  ratio: 87.5%
     SSB  2026-02-27  ratio: 86.8%
    ALGN  2026-02-27  ratio: 86.7%
    NOVT  2026-02-27  ratio: 86.0%

======================================================================
[32m2026-03-03 15:01:02.282[0m | [1mINFO    [0m | [36msignal_scanner.institutional_intel.warehouse.db[0m:[36minit_warehouse[0m:[36m82[0m - [1mInstitutional warehouse initialized at E:\Quant-Bridge\data\warehouse\sec_intel.duckdb[0m
[SHORT VOLUME] Loading from 2026-02-26 to 2026-03-02
  [ERROR] 2026-03-02: name 'rows' is not defined
[SHORT VOLUME] Complete: 1 dates, 14,836 rows

[COMPLETE] Stats: {'short_volume': {'total_rows': 14836, 'days_loaded': 1}}

======================================================================
SHORT DATA WAREHOUSE SUMMARY
======================================================================

fact_short_interest:
  Rows: 1,007,667 | Tickers: 29,394
  Date range: 2024-01-12 to 2026-02-13

fact_short_volume:
  Rows: 529,623 | Tickers: 20,768
  Date range: 2026-01-02 to 2026-03-02

fact_dark_pool_daily:
  Rows: 103,273 | Tickers: 2,696
  Date range: 2026-01-02 to 2026-02-27

fact_cost_to_borrow:
  Rows: 0 | Tickers: 0
  Date range: None to None

Top 10 by Days-to-Cover (latest settlement):
    YAYO  SI:       15,610  DTC: 1000.0
    BYNO  SI:        8,957  DTC: 895.7
    CNGL  SI:          327  DTC: 163.5
    BYSI  SI:    2,235,033  DTC: 80.6
    INTE  SI:          498  DTC: 62.2
    NKGN  SI:      742,024  DTC: 59.5
    CALA  SI:        6,773  DTC: 39.6
    XELA  SI:       46,655  DTC: 38.1
    CNDA  SI:          213  DTC: 35.5
    HRTX  SI:   35,362,532  DTC: 34.3

Top 10 Short Volume Ratio (latest date, vol>100K):
   BKIRF  2026-03-02  ratio: 100.0%
   CDBDF  2026-03-02  ratio: 100.0%
    ENDV  2026-03-02  ratio: 100.0%
   AUNXF  2026-03-02  ratio: 100.0%
    FYNN  2026-03-02  ratio: 100.0%
    BAIV  2026-03-02  ratio: 100.0%
    GTOC  2026-03-02  ratio: 100.0%
    ATWT  2026-03-02  ratio: 100.0%
    CYIO  2026-03-02  ratio: 100.0%
    ICNM  2026-03-02  ratio: 100.0%

======================================================================
[32m2026-03-03 15:03:35.489[0m | [1mINFO    [0m | [36msignal_scanner.institutional_intel.warehouse.db[0m:[36minit_warehouse[0m:[36m82[0m - [1mInstitutional warehouse initialized at E:\Quant-Bridge\data\warehouse\sec_intel.duckdb[0m
[32m2026-03-03 15:03:35.639[0m | [1mINFO    [0m | [36m__main__[0m:[36mmain[0m:[36m859[0m - [1mDark pool: using 3213 tickers[0m
[DARK POOL] Deriving from FINRA data | 3213 tickers | 2026-02-26 to 2026-03-02
[DARK POOL] Complete: 2645 tickers, 7,861 rows

[COMPLETE] Stats: {'dark_pool': {'total_rows': 7861, 'tickers_done': 2645}}

======================================================================
SHORT DATA WAREHOUSE SUMMARY
======================================================================

fact_short_interest:
  Rows: 1,007,667 | Tickers: 29,394
  Date range: 2024-01-12 to 2026-02-13

fact_short_volume:
  Rows: 529,623 | Tickers: 20,768
  Date range: 2026-01-02 to 2026-03-02

fact_dark_pool_daily:
  Rows: 105,906 | Tickers: 2,696
  Date range: 2026-01-02 to 2026-03-02

fact_cost_to_borrow:
  Rows: 0 | Tickers: 0
  Date range: None to None

Top 10 by Days-to-Cover (latest settlement):
    YAYO  SI:       15,610  DTC: 1000.0
    BYNO  SI:        8,957  DTC: 895.7
    CNGL  SI:          327  DTC: 163.5
    BYSI  SI:    2,235,033  DTC: 80.6
    INTE  SI:          498  DTC: 62.2
    NKGN  SI:      742,024  DTC: 59.5
    CALA  SI:        6,773  DTC: 39.6
    XELA  SI:       46,655  DTC: 38.1
    CNDA  SI:          213  DTC: 35.5
    HRTX  SI:   35,362,532  DTC: 34.3

Top 10 Short Volume Ratio (latest date, vol>100K):
   BKIRF  2026-03-02  ratio: 100.0%
   CDBDF  2026-03-02  ratio: 100.0%
    ENDV  2026-03-02  ratio: 100.0%
   AUNXF  2026-03-02  ratio: 100.0%
    FYNN  2026-03-02  ratio: 100.0%
    BAIV  2026-03-02  ratio: 100.0%
    GTOC  2026-03-02  ratio: 100.0%
    ATWT  2026-03-02  ratio: 100.0%
    CYIO  2026-03-02  ratio: 100.0%
    ICNM  2026-03-02  ratio: 100.0%

======================================================================
Dark pool done
